<?xml version="1.0" encoding="UTF-8"?>
<!-- Generated by org.testng.reporters.JUnitReportReporter -->
<testsuite hostname="blocksone-VivoBook-ASUSLaptop-X415EA-X415EA" failures="0" tests="1" name="setUpforRestAssured.Tests.HTTPMethods" time="0.978" errors="0" timestamp="2024-08-16T15:55:33 IST" skipped="0">
  <testcase classname="setUpforRestAssured.Tests.HTTPMethods" name="getUser" time="0.978"/>
</testsuite> <!-- setUpforRestAssured.Tests.HTTPMethods -->
