<?xml version="1.0" encoding="UTF-8"?>
<!-- Generated by org.testng.reporters.JUnitReportReporter -->
<testsuite hostname="blocksone-VivoBook-ASUSLaptop-X415EA-X415EA" failures="0" tests="4" name="setUpforRestAssured.Tests.HTTPMethods" time="3.502" errors="0" timestamp="2024-08-16T17:49:50 IST" skipped="0">
  <testcase classname="setUpforRestAssured.Tests.HTTPMethods" name="createUser" time="1.395"/>
  <testcase classname="setUpforRestAssured.Tests.HTTPMethods" name="addUser" time="1.020"/>
  <testcase classname="setUpforRestAssured.Tests.HTTPMethods" name="updateData" time="0.492"/>
  <testcase classname="setUpforRestAssured.Tests.HTTPMethods" name="deleteData" time="0.595"/>
</testsuite> <!-- setUpforRestAssured.Tests.HTTPMethods -->
